<html>
<head>
<title>TestNG:  Test</title>
<link href="../testng.css" rel="stylesheet" type="text/css" />
<link href="../my-testng.css" rel="stylesheet" type="text/css" />

<style type="text/css">
.log { display: none;} 
.stack-trace { display: none;} 
</style>
<script type="text/javascript">
<!--
function flip(e) {
  current = e.style.display;
  if (current == 'block') {
    e.style.display = 'none';
    return 0;
  }
  else {
    e.style.display = 'block';
    return 1;
  }
}

function toggleBox(szDivId, elem, msg1, msg2)
{
  var res = -1;  if (document.getElementById) {
    res = flip(document.getElementById(szDivId));
  }
  else if (document.all) {
    // this is the way old msie versions work
    res = flip(document.all[szDivId]);
  }
  if(elem) {
    if(res == 0) elem.innerHTML = msg1; else elem.innerHTML = msg2;
  }

}

function toggleAllBoxes() {
  if (document.getElementsByTagName) {
    d = document.getElementsByTagName('div');
    for (i = 0; i < d.length; i++) {
      if (d[i].className == 'log') {
        flip(d[i]);
      }
    }
  }
}

// -->
</script>

</head>
<body>
<h2 align='center'>Test</h2><table border='1' align="center">
<tr>
<td>Tests passed/Failed/Skipped:</td><td>22/4/1</td>
</tr><tr>
<td>Started on:</td><td>Wed Apr 16 13:35:54 IST 2025</td>
</tr>
<tr><td>Total time:</td><td>135 seconds (135721 ms)</td>
</tr><tr>
<td>Included groups:</td><td></td>
</tr><tr>
<td>Excluded groups:</td><td></td>
</tr>
</table><p/>
<small><i>(Hover the method name to see the test class name)</i></small><p/>
<table width='100%' border='1' class='invocation-failed'>
<tr><td colspan='4' align='center'><b>FAILED TESTS</b></td></tr>
<tr><td><b>Test method</b></td>
<td><b>Attribute(s)</b></td>
<td width="30%"><b>Exception</b></td>
<td width="10%"><b>Time (seconds)</b></td>
<td><b>Instance</b></td>
</tr>
<tr>
<td title='AprilMavenProject.AprilMavenProject.Assert2listeners.test2()'><b>test2</b><br>Test class: AprilMavenProject.AprilMavenProject.Assert2listeners</td>
<td><div><pre>java.lang.AssertionError: expected:&lt;true&gt; but was:&lt;false&gt;
	at AprilMavenProject.AprilMavenProject.Assert2listeners.test2(Assert2listeners.java:36)
	at java.base/java.util.ArrayList.forEach(ArrayList.java:1596)
... Removed 30 stack frames</pre></div><a href='#' onClick='toggleBox("stack-trace131037934", this, "Click to show all stack frames", "Click to hide stack frames")'>Click to show all stack frames</a>
<div class='stack-trace' id='stack-trace131037934'><pre>java.lang.AssertionError: expected:&lt;true&gt; but was:&lt;false&gt;
	at org.testng.AssertJUnit.fail(AssertJUnit.java:65)
	at org.testng.AssertJUnit.failNotEquals(AssertJUnit.java:467)
	at org.testng.AssertJUnit.assertEquals(AssertJUnit.java:88)
	at org.testng.AssertJUnit.assertEquals(AssertJUnit.java:230)
	at org.testng.AssertJUnit.assertEquals(AssertJUnit.java:240)
	at AprilMavenProject.AprilMavenProject.Assert2listeners.test2(Assert2listeners.java:36)
	at java.base/jdk.internal.reflect.DirectMethodHandleAccessor.invoke(DirectMethodHandleAccessor.java:103)
	at java.base/java.lang.reflect.Method.invoke(Method.java:580)
	at org.testng.internal.invokers.MethodInvocationHelper.invokeMethod(MethodInvocationHelper.java:141)
	at org.testng.internal.invokers.TestInvoker.invokeMethod(TestInvoker.java:687)
	at org.testng.internal.invokers.TestInvoker.invokeTestMethod(TestInvoker.java:230)
	at org.testng.internal.invokers.MethodRunner.runInSequence(MethodRunner.java:63)
	at org.testng.internal.invokers.TestInvoker$MethodInvocationAgent.invoke(TestInvoker.java:995)
	at org.testng.internal.invokers.TestInvoker.invokeTestMethods(TestInvoker.java:203)
	at org.testng.internal.invokers.TestMethodWorker.invokeTestMethods(TestMethodWorker.java:154)
	at org.testng.internal.invokers.TestMethodWorker.run(TestMethodWorker.java:134)
	at java.base/java.util.ArrayList.forEach(ArrayList.java:1596)
	at org.testng.TestRunner.privateRun(TestRunner.java:741)
	at org.testng.TestRunner.run(TestRunner.java:616)
	at org.testng.SuiteRunner.runTest(SuiteRunner.java:421)
	at org.testng.SuiteRunner.runSequentially(SuiteRunner.java:413)
	at org.testng.SuiteRunner.privateRun(SuiteRunner.java:373)
	at org.testng.SuiteRunner.run(SuiteRunner.java:312)
	at org.testng.SuiteRunnerWorker.runSuite(SuiteRunnerWorker.java:52)
	at org.testng.SuiteRunnerWorker.run(SuiteRunnerWorker.java:95)
	at org.testng.TestNG.runSuitesSequentially(TestNG.java:1274)
	at org.testng.TestNG.runSuitesLocally(TestNG.java:1208)
	at org.testng.TestNG.runSuites(TestNG.java:1112)
	at org.testng.TestNG.run(TestNG.java:1079)
	at org.testng.remote.AbstractRemoteTestNG.run(AbstractRemoteTestNG.java:115)
	at org.testng.remote.RemoteTestNG.initAndRun(RemoteTestNG.java:293)
	at org.testng.remote.RemoteTestNG.main(RemoteTestNG.java:91)
</pre></div></td>
<td>0</td>
<td>AprilMavenProject.AprilMavenProject.Assert2listeners@6236eb5f</td></tr>
<tr>
<td title='AprilMavenProject.AprilMavenProject.Assertion.Soft_Assertion_false()'><b>Soft_Assertion_false</b><br>Test class: AprilMavenProject.AprilMavenProject.Assertion<br>Test method: This is Soft assertion</td>
<td><div><pre>java.lang.AssertionError: The following asserts failed:
	expected [2] but found [1]
	at AprilMavenProject.AprilMavenProject.Assertion.Soft_Assertion_false(Assertion.java:52)
	at java.base/java.util.ArrayList.forEach(ArrayList.java:1596)
... Removed 27 stack frames</pre></div><a href='#' onClick='toggleBox("stack-trace806572546", this, "Click to show all stack frames", "Click to hide stack frames")'>Click to show all stack frames</a>
<div class='stack-trace' id='stack-trace806572546'><pre>java.lang.AssertionError: The following asserts failed:
	expected [2] but found [1]
	at org.testng.asserts.SoftAssert.assertAll(SoftAssert.java:46)
	at org.testng.asserts.SoftAssert.assertAll(SoftAssert.java:30)
	at AprilMavenProject.AprilMavenProject.Assertion.Soft_Assertion_false(Assertion.java:52)
	at java.base/jdk.internal.reflect.DirectMethodHandleAccessor.invoke(DirectMethodHandleAccessor.java:103)
	at java.base/java.lang.reflect.Method.invoke(Method.java:580)
	at org.testng.internal.invokers.MethodInvocationHelper.invokeMethod(MethodInvocationHelper.java:141)
	at org.testng.internal.invokers.TestInvoker.invokeMethod(TestInvoker.java:687)
	at org.testng.internal.invokers.TestInvoker.invokeTestMethod(TestInvoker.java:230)
	at org.testng.internal.invokers.MethodRunner.runInSequence(MethodRunner.java:63)
	at org.testng.internal.invokers.TestInvoker$MethodInvocationAgent.invoke(TestInvoker.java:995)
	at org.testng.internal.invokers.TestInvoker.invokeTestMethods(TestInvoker.java:203)
	at org.testng.internal.invokers.TestMethodWorker.invokeTestMethods(TestMethodWorker.java:154)
	at org.testng.internal.invokers.TestMethodWorker.run(TestMethodWorker.java:134)
	at java.base/java.util.ArrayList.forEach(ArrayList.java:1596)
	at org.testng.TestRunner.privateRun(TestRunner.java:741)
	at org.testng.TestRunner.run(TestRunner.java:616)
	at org.testng.SuiteRunner.runTest(SuiteRunner.java:421)
	at org.testng.SuiteRunner.runSequentially(SuiteRunner.java:413)
	at org.testng.SuiteRunner.privateRun(SuiteRunner.java:373)
	at org.testng.SuiteRunner.run(SuiteRunner.java:312)
	at org.testng.SuiteRunnerWorker.runSuite(SuiteRunnerWorker.java:52)
	at org.testng.SuiteRunnerWorker.run(SuiteRunnerWorker.java:95)
	at org.testng.TestNG.runSuitesSequentially(TestNG.java:1274)
	at org.testng.TestNG.runSuitesLocally(TestNG.java:1208)
	at org.testng.TestNG.runSuites(TestNG.java:1112)
	at org.testng.TestNG.run(TestNG.java:1079)
	at org.testng.remote.AbstractRemoteTestNG.run(AbstractRemoteTestNG.java:115)
	at org.testng.remote.RemoteTestNG.initAndRun(RemoteTestNG.java:293)
	at org.testng.remote.RemoteTestNG.main(RemoteTestNG.java:91)
</pre></div></td>
<td>0</td>
<td>AprilMavenProject.AprilMavenProject.Assertion@fd07cbb</td></tr>
<tr>
<td title='AprilMavenProject.AprilMavenProject.Assertion.hard_Assertion_false()'><b>hard_Assertion_false</b><br>Test class: AprilMavenProject.AprilMavenProject.Assertion<br>Test method: This is Hard assertion</td>
<td><div><pre>java.lang.AssertionError: expected [2] but found [1]
	at AprilMavenProject.AprilMavenProject.Assertion.hard_Assertion_false(Assertion.java:17)
	at java.base/java.util.ArrayList.forEach(ArrayList.java:1596)
... Removed 32 stack frames</pre></div><a href='#' onClick='toggleBox("stack-trace1883237069", this, "Click to show all stack frames", "Click to hide stack frames")'>Click to show all stack frames</a>
<div class='stack-trace' id='stack-trace1883237069'><pre>java.lang.AssertionError: expected [2] but found [1]
	at org.testng.Assert.fail(Assert.java:111)
	at org.testng.Assert.failNotEquals(Assert.java:1590)
	at org.testng.Assert.assertEqualsImpl(Assert.java:150)
	at org.testng.Assert.assertEquals(Assert.java:132)
	at org.testng.Assert.assertEquals(Assert.java:1431)
	at org.testng.Assert.assertEquals(Assert.java:1395)
	at org.testng.Assert.assertEquals(Assert.java:1441)
	at AprilMavenProject.AprilMavenProject.Assertion.hard_Assertion_false(Assertion.java:17)
	at java.base/jdk.internal.reflect.DirectMethodHandleAccessor.invoke(DirectMethodHandleAccessor.java:103)
	at java.base/java.lang.reflect.Method.invoke(Method.java:580)
	at org.testng.internal.invokers.MethodInvocationHelper.invokeMethod(MethodInvocationHelper.java:141)
	at org.testng.internal.invokers.TestInvoker.invokeMethod(TestInvoker.java:687)
	at org.testng.internal.invokers.TestInvoker.invokeTestMethod(TestInvoker.java:230)
	at org.testng.internal.invokers.MethodRunner.runInSequence(MethodRunner.java:63)
	at org.testng.internal.invokers.TestInvoker$MethodInvocationAgent.invoke(TestInvoker.java:995)
	at org.testng.internal.invokers.TestInvoker.invokeTestMethods(TestInvoker.java:203)
	at org.testng.internal.invokers.TestMethodWorker.invokeTestMethods(TestMethodWorker.java:154)
	at org.testng.internal.invokers.TestMethodWorker.run(TestMethodWorker.java:134)
	at java.base/java.util.ArrayList.forEach(ArrayList.java:1596)
	at org.testng.TestRunner.privateRun(TestRunner.java:741)
	at org.testng.TestRunner.run(TestRunner.java:616)
	at org.testng.SuiteRunner.runTest(SuiteRunner.java:421)
	at org.testng.SuiteRunner.runSequentially(SuiteRunner.java:413)
	at org.testng.SuiteRunner.privateRun(SuiteRunner.java:373)
	at org.testng.SuiteRunner.run(SuiteRunner.java:312)
	at org.testng.SuiteRunnerWorker.runSuite(SuiteRunnerWorker.java:52)
	at org.testng.SuiteRunnerWorker.run(SuiteRunnerWorker.java:95)
	at org.testng.TestNG.runSuitesSequentially(TestNG.java:1274)
	at org.testng.TestNG.runSuitesLocally(TestNG.java:1208)
	at org.testng.TestNG.runSuites(TestNG.java:1112)
	at org.testng.TestNG.run(TestNG.java:1079)
	at org.testng.remote.AbstractRemoteTestNG.run(AbstractRemoteTestNG.java:115)
	at org.testng.remote.RemoteTestNG.initAndRun(RemoteTestNG.java:293)
	at org.testng.remote.RemoteTestNG.main(RemoteTestNG.java:91)
</pre></div></td>
<td>0</td>
<td>AprilMavenProject.AprilMavenProject.Assertion@fd07cbb</td></tr>
<tr>
<td title='AprilMavenProject.AprilMavenProject.windowhandle.childwindow()'><b>childwindow</b><br>Test class: AprilMavenProject.AprilMavenProject.windowhandle</td>
<td><div><pre>org.openqa.selenium.NoSuchElementException: no such element: Unable to locate element: {&quot;method&quot;:&quot;xpath&quot;,&quot;selector&quot;:&quot;//a[text()=&apos;OrangeHRM, Inc&apos;]&quot;}
  (Session info: chrome=135.0.7049.85)
For documentation on this error, please visit: https://www.selenium.dev/documentation/webdriver/troubleshooting/errors#no-such-element-exception
Build info: version: &apos;4.30.0&apos;, revision: &apos;509c7f1&apos;
System info: os.name: &apos;Windows 11&apos;, os.arch: &apos;amd64&apos;, os.version: &apos;10.0&apos;, java.version: &apos;21.0.6&apos;
Driver info: org.openqa.selenium.chrome.ChromeDriver
Command: [36d752d6931985f9d3b267770a1c6364, findElement {using=xpath, value=//a[text()=&apos;OrangeHRM, Inc&apos;]}]
Capabilities {acceptInsecureCerts: true, browserName: chrome, browserVersion: 135.0.7049.85, chrome: {chromedriverVersion: 134.0.6998.165 (fd886e2cb29..., userDataDir: C:\Users\JITEND~1.KUM\AppDa...}, fedcm:accounts: true, goog:chromeOptions: {debuggerAddress: localhost:56110}, networkConnectionEnabled: false, pageLoadStrategy: normal, platformName: windows, proxy: Proxy(), se:cdp: ws://localhost:56110/devtoo..., se:cdpVersion: 135.0.7049.85, setWindowRect: true, strictFileInteractability: false, timeouts: {implicit: 0, pageLoad: 300000, script: 30000}, unhandledPromptBehavior: dismiss and notify, webauthn:extension:credBlob: true, webauthn:extension:largeBlob: true, webauthn:extension:minPinLength: true, webauthn:extension:prf: true, webauthn:virtualAuthenticators: true}
Session ID: 36d752d6931985f9d3b267770a1c6364
	at org.openqa.selenium.remote.ErrorCodec.decode(ErrorCodec.java:167)
	at org.openqa.selenium.remote.codec.w3c.W3CHttpResponseCodec.decode(W3CHttpResponseCodec.java:138)
	at org.openqa.selenium.remote.codec.w3c.W3CHttpResponseCodec.decode(W3CHttpResponseCodec.java:50)
	at org.openqa.selenium.remote.HttpCommandExecutor.execute(HttpCommandExecutor.java:215)
	at org.openqa.selenium.remote.service.DriverCommandExecutor.invokeExecute(DriverCommandExecutor.java:216)
	at org.openqa.selenium.remote.service.DriverCommandExecutor.execute(DriverCommandExecutor.java:174)
	at org.openqa.selenium.remote.RemoteWebDriver.execute(RemoteWebDriver.java:545)
	at org.openqa.selenium.remote.ElementLocation$ElementFinder$2.findElement(ElementLocation.java:165)
	at org.openqa.selenium.remote.ElementLocation.findElement(ElementLocation.java:59)
	at org.openqa.selenium.remote.RemoteWebDriver.findElement(RemoteWebDriver.java:368)
	at org.openqa.selenium.remote.RemoteWebDriver.findElement(RemoteWebDriver.java:362)
	at AprilMavenProject.AprilMavenProject.windowhandle.childwindow(windowhandle.java:59)
	at java.base/java.util.ArrayList.forEach(ArrayList.java:1596)
... Removed 28 stack frames</pre></div><a href='#' onClick='toggleBox("stack-trace737756161", this, "Click to show all stack frames", "Click to hide stack frames")'>Click to show all stack frames</a>
<div class='stack-trace' id='stack-trace737756161'><pre>org.openqa.selenium.NoSuchElementException: no such element: Unable to locate element: {&quot;method&quot;:&quot;xpath&quot;,&quot;selector&quot;:&quot;//a[text()=&apos;OrangeHRM, Inc&apos;]&quot;}
  (Session info: chrome=135.0.7049.85)
For documentation on this error, please visit: https://www.selenium.dev/documentation/webdriver/troubleshooting/errors#no-such-element-exception
Build info: version: &apos;4.30.0&apos;, revision: &apos;509c7f1&apos;
System info: os.name: &apos;Windows 11&apos;, os.arch: &apos;amd64&apos;, os.version: &apos;10.0&apos;, java.version: &apos;21.0.6&apos;
Driver info: org.openqa.selenium.chrome.ChromeDriver
Command: [36d752d6931985f9d3b267770a1c6364, findElement {using=xpath, value=//a[text()=&apos;OrangeHRM, Inc&apos;]}]
Capabilities {acceptInsecureCerts: true, browserName: chrome, browserVersion: 135.0.7049.85, chrome: {chromedriverVersion: 134.0.6998.165 (fd886e2cb29..., userDataDir: C:\Users\JITEND~1.KUM\AppDa...}, fedcm:accounts: true, goog:chromeOptions: {debuggerAddress: localhost:56110}, networkConnectionEnabled: false, pageLoadStrategy: normal, platformName: windows, proxy: Proxy(), se:cdp: ws://localhost:56110/devtoo..., se:cdpVersion: 135.0.7049.85, setWindowRect: true, strictFileInteractability: false, timeouts: {implicit: 0, pageLoad: 300000, script: 30000}, unhandledPromptBehavior: dismiss and notify, webauthn:extension:credBlob: true, webauthn:extension:largeBlob: true, webauthn:extension:minPinLength: true, webauthn:extension:prf: true, webauthn:virtualAuthenticators: true}
Session ID: 36d752d6931985f9d3b267770a1c6364
	at java.base/jdk.internal.reflect.DirectConstructorHandleAccessor.newInstance(DirectConstructorHandleAccessor.java:62)
	at java.base/java.lang.reflect.Constructor.newInstanceWithCaller(Constructor.java:502)
	at java.base/java.lang.reflect.Constructor.newInstance(Constructor.java:486)
	at org.openqa.selenium.remote.ErrorCodec.decode(ErrorCodec.java:167)
	at org.openqa.selenium.remote.codec.w3c.W3CHttpResponseCodec.decode(W3CHttpResponseCodec.java:138)
	at org.openqa.selenium.remote.codec.w3c.W3CHttpResponseCodec.decode(W3CHttpResponseCodec.java:50)
	at org.openqa.selenium.remote.HttpCommandExecutor.execute(HttpCommandExecutor.java:215)
	at org.openqa.selenium.remote.service.DriverCommandExecutor.invokeExecute(DriverCommandExecutor.java:216)
	at org.openqa.selenium.remote.service.DriverCommandExecutor.execute(DriverCommandExecutor.java:174)
	at org.openqa.selenium.remote.RemoteWebDriver.execute(RemoteWebDriver.java:545)
	at org.openqa.selenium.remote.ElementLocation$ElementFinder$2.findElement(ElementLocation.java:165)
	at org.openqa.selenium.remote.ElementLocation.findElement(ElementLocation.java:59)
	at org.openqa.selenium.remote.RemoteWebDriver.findElement(RemoteWebDriver.java:368)
	at org.openqa.selenium.remote.RemoteWebDriver.findElement(RemoteWebDriver.java:362)
	at AprilMavenProject.AprilMavenProject.windowhandle.childwindow(windowhandle.java:59)
	at java.base/jdk.internal.reflect.DirectMethodHandleAccessor.invoke(DirectMethodHandleAccessor.java:103)
	at java.base/java.lang.reflect.Method.invoke(Method.java:580)
	at org.testng.internal.invokers.MethodInvocationHelper.invokeMethod(MethodInvocationHelper.java:141)
	at org.testng.internal.invokers.TestInvoker.invokeMethod(TestInvoker.java:687)
	at org.testng.internal.invokers.TestInvoker.invokeTestMethod(TestInvoker.java:230)
	at org.testng.internal.invokers.MethodRunner.runInSequence(MethodRunner.java:63)
	at org.testng.internal.invokers.TestInvoker$MethodInvocationAgent.invoke(TestInvoker.java:995)
	at org.testng.internal.invokers.TestInvoker.invokeTestMethods(TestInvoker.java:203)
	at org.testng.internal.invokers.TestMethodWorker.invokeTestMethods(TestMethodWorker.java:154)
	at org.testng.internal.invokers.TestMethodWorker.run(TestMethodWorker.java:134)
	at java.base/java.util.ArrayList.forEach(ArrayList.java:1596)
	at org.testng.TestRunner.privateRun(TestRunner.java:741)
	at org.testng.TestRunner.run(TestRunner.java:616)
	at org.testng.SuiteRunner.runTest(SuiteRunner.java:421)
	at org.testng.SuiteRunner.runSequentially(SuiteRunner.java:413)
	at org.testng.SuiteRunner.privateRun(SuiteRunner.java:373)
	at org.testng.SuiteRunner.run(SuiteRunner.java:312)
	at org.testng.SuiteRunnerWorker.runSuite(SuiteRunnerWorker.java:52)
	at org.testng.SuiteRunnerWorker.run(SuiteRunnerWorker.java:95)
	at org.testng.TestNG.runSuitesSequentially(TestNG.java:1274)
	at org.testng.TestNG.runSuitesLocally(TestNG.java:1208)
	at org.testng.TestNG.runSuites(TestNG.java:1112)
	at org.testng.TestNG.run(TestNG.java:1079)
	at org.testng.remote.AbstractRemoteTestNG.run(AbstractRemoteTestNG.java:115)
	at org.testng.remote.RemoteTestNG.initAndRun(RemoteTestNG.java:293)
	at org.testng.remote.RemoteTestNG.main(RemoteTestNG.java:91)
</pre></div></td>
<td>5</td>
<td>AprilMavenProject.AprilMavenProject.windowhandle@3571b748</td></tr>
</table><p>
<table width='100%' border='1' class='invocation-passed'>
<tr><td colspan='4' align='center'><b>PASSED TESTS</b></td></tr>
<tr><td><b>Test method</b></td>
<td><b>Attribute(s)</b></td>
<td width="30%"><b>Exception</b></td>
<td width="10%"><b>Time (seconds)</b></td>
<td><b>Instance</b></td>
</tr>
<tr>
<td title='AprilMavenProject.AprilMavenProject.AlertHandling.NormalAlert2()'><b>NormalAlert2</b><br>Test class: AprilMavenProject.AprilMavenProject.AlertHandling</td>
<td></td>
<td>0</td>
<td>AprilMavenProject.AprilMavenProject.AlertHandling@2b4bac49</td></tr>
<tr>
<td title='AprilMavenProject.AprilMavenProject.Assertion.Soft_AssertionTrue()'><b>Soft_AssertionTrue</b><br>Test class: AprilMavenProject.AprilMavenProject.Assertion<br>Test method: This is Soft assertion</td>
<td></td>
<td>0</td>
<td>AprilMavenProject.AprilMavenProject.Assertion@fd07cbb</td></tr>
<tr>
<td title='AprilMavenProject.AprilMavenProject.windowhandle.windowHandleApproach()'><b>windowHandleApproach</b><br>Test class: AprilMavenProject.AprilMavenProject.windowhandle</td>
<td></td>
<td>2</td>
<td>AprilMavenProject.AprilMavenProject.windowhandle@3571b748</td></tr>
<tr>
<td title='AprilMavenProject.AprilMavenProject.Assert2listeners.test4()'><b>test4</b><br>Test class: AprilMavenProject.AprilMavenProject.Assert2listeners</td>
<td></td>
<td>0</td>
<td>AprilMavenProject.AprilMavenProject.Assert2listeners@6236eb5f</td></tr>
<tr>
<td title='AprilMavenProject.AprilMavenProject.AlertHandling.promptAlertWithExplicitWait()'><b>promptAlertWithExplicitWait</b><br>Test class: AprilMavenProject.AprilMavenProject.AlertHandling</td>
<td></td>
<td>0</td>
<td>AprilMavenProject.AprilMavenProject.AlertHandling@2b4bac49</td></tr>
<tr>
<td title='AprilMavenProject.AprilMavenProject.Webtable_static.staticWebtable2()'><b>staticWebtable2</b><br>Test class: AprilMavenProject.AprilMavenProject.Webtable_static</td>
<td></td>
<td>0</td>
<td>AprilMavenProject.AprilMavenProject.Webtable_static@3e96bacf</td></tr>
<tr>
<td title='AprilMavenProject.AprilMavenProject.Webtable_static.staticWebtable3()'><b>staticWebtable3</b><br>Test class: AprilMavenProject.AprilMavenProject.Webtable_static</td>
<td></td>
<td>60</td>
<td>AprilMavenProject.AprilMavenProject.Webtable_static@3e96bacf</td></tr>
<tr>
<td title='AprilMavenProject.AprilMavenProject.Webtable_static.staticWebtable5()'><b>staticWebtable5</b><br>Test class: AprilMavenProject.AprilMavenProject.Webtable_static<br>Test method: find total price of all books</td>
<td></td>
<td>0</td>
<td>AprilMavenProject.AprilMavenProject.Webtable_static@3e96bacf</td></tr>
<tr>
<td title='AprilMavenProject.AprilMavenProject.AlertHandling.confirmationAlert2()'><b>confirmationAlert2</b><br>Test class: AprilMavenProject.AprilMavenProject.AlertHandling</td>
<td></td>
<td>3</td>
<td>AprilMavenProject.AprilMavenProject.AlertHandling@2b4bac49</td></tr>
<tr>
<td title='AprilMavenProject.AprilMavenProject.Assertion.Soft_Assertion2True()'><b>Soft_Assertion2True</b><br>Test class: AprilMavenProject.AprilMavenProject.Assertion<br>Test method: This is Soft assertion2 without sa.assertAll();</td>
<td></td>
<td>0</td>
<td>AprilMavenProject.AprilMavenProject.Assertion@fd07cbb</td></tr>
<tr>
<td title='AprilMavenProject.AprilMavenProject.Webtable_static.staticWebtable4()'><b>staticWebtable4</b><br>Test class: AprilMavenProject.AprilMavenProject.Webtable_static</td>
<td></td>
<td>0</td>
<td>AprilMavenProject.AprilMavenProject.Webtable_static@3e96bacf</td></tr>
<tr>
<td title='AprilMavenProject.AprilMavenProject.keyboardaction.newTabKeyBoardAction()'><b>newTabKeyBoardAction</b><br>Test class: AprilMavenProject.AprilMavenProject.keyboardaction</td>
<td></td>
<td>4</td>
<td>AprilMavenProject.AprilMavenProject.keyboardaction@7c83dc97</td></tr>
<tr>
<td title='AprilMavenProject.AprilMavenProject.Assertion.Soft_Assertion2_false()'><b>Soft_Assertion2_false</b><br>Test class: AprilMavenProject.AprilMavenProject.Assertion<br>Test method: This is Soft assertion2 without sa.assertAll();</td>
<td></td>
<td>0</td>
<td>AprilMavenProject.AprilMavenProject.Assertion@fd07cbb</td></tr>
<tr>
<td title='AprilMavenProject.AprilMavenProject.Mouse_hover.rightclick()'><b>rightclick</b><br>Test class: AprilMavenProject.AprilMavenProject.Mouse_hover</td>
<td></td>
<td>2</td>
<td>AprilMavenProject.AprilMavenProject.Mouse_hover@4470f8a6</td></tr>
<tr>
<td title='AprilMavenProject.AprilMavenProject.AlertHandling.promptAlert()'><b>promptAlert</b><br>Test class: AprilMavenProject.AprilMavenProject.AlertHandling</td>
<td></td>
<td>6</td>
<td>AprilMavenProject.AprilMavenProject.AlertHandling@2b4bac49</td></tr>
<tr>
<td title='AprilMavenProject.AprilMavenProject.Assertion.hard_AssertionTrue()'><b>hard_AssertionTrue</b><br>Test class: AprilMavenProject.AprilMavenProject.Assertion<br>Test method: This is Hard assertion</td>
<td></td>
<td>0</td>
<td>AprilMavenProject.AprilMavenProject.Assertion@fd07cbb</td></tr>
<tr>
<td title='AprilMavenProject.AprilMavenProject.Webtable_static.staticwebtable()'><b>staticwebtable</b><br>Test class: AprilMavenProject.AprilMavenProject.Webtable_static</td>
<td></td>
<td>0</td>
<td>AprilMavenProject.AprilMavenProject.Webtable_static@3e96bacf</td></tr>
<tr>
<td title='AprilMavenProject.AprilMavenProject.Assert2listeners.test1()'><b>test1</b><br>Test class: AprilMavenProject.AprilMavenProject.Assert2listeners</td>
<td></td>
<td>0</td>
<td>AprilMavenProject.AprilMavenProject.Assert2listeners@6236eb5f</td></tr>
<tr>
<td title='AprilMavenProject.AprilMavenProject.AlertHandling.confirmationAlert1()'><b>confirmationAlert1</b><br>Test class: AprilMavenProject.AprilMavenProject.AlertHandling</td>
<td></td>
<td>6</td>
<td>AprilMavenProject.AprilMavenProject.AlertHandling@2b4bac49</td></tr>
<tr>
<td title='AprilMavenProject.AprilMavenProject.windowhandle.windowhandle1()'><b>windowhandle1</b><br>Test class: AprilMavenProject.AprilMavenProject.windowhandle</td>
<td></td>
<td>5</td>
<td>AprilMavenProject.AprilMavenProject.windowhandle@3571b748</td></tr>
<tr>
<td title='AprilMavenProject.AprilMavenProject.webtable_dynamic.dynamic_Table()'><b>dynamic_Table</b><br>Test class: AprilMavenProject.AprilMavenProject.webtable_dynamic</td>
<td></td>
<td>11</td>
<td>AprilMavenProject.AprilMavenProject.webtable_dynamic@484970b0</td></tr>
<tr>
<td title='AprilMavenProject.AprilMavenProject.AlertHandling.NormalAlert()'><b>NormalAlert</b><br>Test class: AprilMavenProject.AprilMavenProject.AlertHandling</td>
<td></td>
<td>5</td>
<td>AprilMavenProject.AprilMavenProject.AlertHandling@2b4bac49</td></tr>
</table><p>
<table width='100%' border='1' class='invocation-skipped'>
<tr><td colspan='4' align='center'><b>SKIPPED TESTS</b></td></tr>
<tr><td><b>Test method</b></td>
<td><b>Attribute(s)</b></td>
<td width="30%"><b>Exception</b></td>
<td width="10%"><b>Time (seconds)</b></td>
<td><b>Instance</b></td>
</tr>
<tr>
<td title='AprilMavenProject.AprilMavenProject.Assert2listeners.test3()'><b>test3</b><br>Test class: AprilMavenProject.AprilMavenProject.Assert2listeners</td>
<td><div><pre>java.lang.Throwable: Method AprilMavenProject.AprilMavenProject.Assert2listeners.test3() on instance AprilMavenProject.AprilMavenProject.Assert2listeners@6236eb5f depends on not successfully finished methods 
[AprilMavenProject.AprilMavenProject.Assert2listeners.test2() on instance AprilMavenProject.AprilMavenProject.Assert2listeners@6236eb5f]
	at java.base/java.util.ArrayList.forEach(ArrayList.java:1596)
... Removed 18 stack frames</pre></div><a href='#' onClick='toggleBox("stack-trace216746962", this, "Click to show all stack frames", "Click to hide stack frames")'>Click to show all stack frames</a>
<div class='stack-trace' id='stack-trace216746962'><pre>java.lang.Throwable: Method AprilMavenProject.AprilMavenProject.Assert2listeners.test3() on instance AprilMavenProject.AprilMavenProject.Assert2listeners@6236eb5f depends on not successfully finished methods 
[AprilMavenProject.AprilMavenProject.Assert2listeners.test2() on instance AprilMavenProject.AprilMavenProject.Assert2listeners@6236eb5f]
	at org.testng.internal.invokers.TestInvoker.invokeTestMethods(TestInvoker.java:159)
	at org.testng.internal.invokers.TestMethodWorker.invokeTestMethods(TestMethodWorker.java:154)
	at org.testng.internal.invokers.TestMethodWorker.run(TestMethodWorker.java:134)
	at java.base/java.util.ArrayList.forEach(ArrayList.java:1596)
	at org.testng.TestRunner.privateRun(TestRunner.java:741)
	at org.testng.TestRunner.run(TestRunner.java:616)
	at org.testng.SuiteRunner.runTest(SuiteRunner.java:421)
	at org.testng.SuiteRunner.runSequentially(SuiteRunner.java:413)
	at org.testng.SuiteRunner.privateRun(SuiteRunner.java:373)
	at org.testng.SuiteRunner.run(SuiteRunner.java:312)
	at org.testng.SuiteRunnerWorker.runSuite(SuiteRunnerWorker.java:52)
	at org.testng.SuiteRunnerWorker.run(SuiteRunnerWorker.java:95)
	at org.testng.TestNG.runSuitesSequentially(TestNG.java:1274)
	at org.testng.TestNG.runSuitesLocally(TestNG.java:1208)
	at org.testng.TestNG.runSuites(TestNG.java:1112)
	at org.testng.TestNG.run(TestNG.java:1079)
	at org.testng.remote.AbstractRemoteTestNG.run(AbstractRemoteTestNG.java:115)
	at org.testng.remote.RemoteTestNG.initAndRun(RemoteTestNG.java:293)
	at org.testng.remote.RemoteTestNG.main(RemoteTestNG.java:91)
</pre></div></td>
<td>0</td>
<td>AprilMavenProject.AprilMavenProject.Assert2listeners@6236eb5f</td></tr>
</table><p>
</body>
</html>