<?xml version="1.0" encoding="UTF-8"?>
<!-- Generated by org.testng.reporters.JUnitXMLReporter -->
<testsuite ignored="0" hostname="MR-09" failures="4" tests="27" name="Test" time="135.721" errors="0" timestamp="2025-04-16T13:38:10 IST">
  <testcase classname="AprilMavenProject.AprilMavenProject.Assert2listeners" name="test1" time="0.969"/>
  <testcase classname="AprilMavenProject.AprilMavenProject.Assert2listeners" name="test2" time="0.024">
    <failure type="java.lang.AssertionError" message="expected:&amp;lt;true&amp;gt; but was:&amp;lt;false&amp;gt;">
      <![CDATA[java.lang.AssertionError: expected:<true> but was:<false>
at AprilMavenProject.AprilMavenProject.Assert2listeners.test2(Assert2listeners.java:36)
at java.base/java.util.ArrayList.forEach(ArrayList.java:1596)
... Removed 30 stack frames]]>
    </failure>
  </testcase> <!-- test2 -->
  <testcase classname="AprilMavenProject.AprilMavenProject.Assert2listeners" name="test3" time="0.0">
    <skipped/>
  </testcase> <!-- test3 -->
  <testcase classname="AprilMavenProject.AprilMavenProject.Assert2listeners" name="test4" time="0.008"/>
  <testcase classname="AprilMavenProject.AprilMavenProject.AlertHandling" name="NormalAlert" time="5.108"/>
  <testcase classname="AprilMavenProject.AprilMavenProject.AlertHandling" name="NormalAlert2" time="0.073"/>
  <testcase classname="AprilMavenProject.AprilMavenProject.AlertHandling" name="confirmationAlert1" time="6.184"/>
  <testcase classname="AprilMavenProject.AprilMavenProject.AlertHandling" name="confirmationAlert2" time="3.073"/>
  <testcase classname="AprilMavenProject.AprilMavenProject.AlertHandling" name="promptAlert" time="6.169"/>
  <testcase classname="AprilMavenProject.AprilMavenProject.AlertHandling" name="promptAlertWithExplicitWait" time="0.08"/>
  <testcase classname="AprilMavenProject.AprilMavenProject.Assertion" name="hard_Assertion_false" time="0.007">
    <failure type="java.lang.AssertionError" message="expected [2] but found [1]">
      <![CDATA[java.lang.AssertionError: expected [2] but found [1]
at AprilMavenProject.AprilMavenProject.Assertion.hard_Assertion_false(Assertion.java:17)
at java.base/java.util.ArrayList.forEach(ArrayList.java:1596)
... Removed 32 stack frames]]>
    </failure>
  </testcase> <!-- hard_Assertion_false -->
  <testcase classname="AprilMavenProject.AprilMavenProject.Assertion" name="Soft_Assertion2_false" time="0.005"/>
  <testcase classname="AprilMavenProject.AprilMavenProject.Assertion" name="Soft_Assertion_false" time="0.001">
    <failure type="java.lang.AssertionError" message="The following asserts failed:
	expected [2] but found [1]">
      <![CDATA[java.lang.AssertionError: The following asserts failed:
expected [2] but found [1]
at AprilMavenProject.AprilMavenProject.Assertion.Soft_Assertion_false(Assertion.java:52)
at java.base/java.util.ArrayList.forEach(ArrayList.java:1596)
... Removed 27 stack frames]]>
    </failure>
  </testcase> <!-- Soft_Assertion_false -->
  <testcase classname="AprilMavenProject.AprilMavenProject.Assertion" name="hard_AssertionTrue" time="0.003"/>
  <testcase classname="AprilMavenProject.AprilMavenProject.Assertion" name="Soft_Assertion2True" time="0.001"/>
  <testcase classname="AprilMavenProject.AprilMavenProject.Assertion" name="Soft_AssertionTrue" time="0.0"/>
  <testcase classname="AprilMavenProject.AprilMavenProject.windowhandle" name="windowhandle1" time="5.578"/>
  <testcase classname="AprilMavenProject.AprilMavenProject.windowhandle" name="windowHandleApproach" time="2.957"/>
  <testcase classname="AprilMavenProject.AprilMavenProject.windowhandle" name="childwindow" time="5.055">
    <failure type="org.openqa.selenium.NoSuchElementException" message="no such element: Unable to locate element: {&amp;quot;method&amp;quot;:&amp;quot;xpath&amp;quot;,&amp;quot;selector&amp;quot;:&amp;quot;//a[text()=&amp;apos;OrangeHRM, Inc&amp;apos;]&amp;quot;}
  (Session info: chrome=135.0.7049.85)
For documentation on this error, please visit: https://www.selenium.dev/documentation/webdriver/troubleshooting/errors#no-such-element-exception
Build info: version: &amp;apos;4.30.0&amp;apos;, revision: &amp;apos;509c7f1&amp;apos;
System info: os.name: &amp;apos;Windows 11&amp;apos;, os.arch: &amp;apos;amd64&amp;apos;, os.version: &amp;apos;10.0&amp;apos;, java.version: &amp;apos;21.0.6&amp;apos;
Driver info: org.openqa.selenium.chrome.ChromeDriver
Command: [36d752d6931985f9d3b267770a1c6364, findElement {using=xpath, value=//a[text()=&amp;apos;OrangeHRM, Inc&amp;apos;]}]
Capabilities {acceptInsecureCerts: true, browserName: chrome, browserVersion: 135.0.7049.85, chrome: {chromedriverVersion: 134.0.6998.165 (fd886e2cb29..., userDataDir: C:\Users\JITEND~1.KUM\AppDa...}, fedcm:accounts: true, goog:chromeOptions: {debuggerAddress: localhost:56110}, networkConnectionEnabled: false, pageLoadStrategy: normal, platformName: windows, proxy: Proxy(), se:cdp: ws://localhost:56110/devtoo..., se:cdpVersion: 135.0.7049.85, setWindowRect: true, strictFileInteractability: false, timeouts: {implicit: 0, pageLoad: 300000, script: 30000}, unhandledPromptBehavior: dismiss and notify, webauthn:extension:credBlob: true, webauthn:extension:largeBlob: true, webauthn:extension:minPinLength: true, webauthn:extension:prf: true, webauthn:virtualAuthenticators: true}
Session ID: 36d752d6931985f9d3b267770a1c6364">
      <![CDATA[org.openqa.selenium.NoSuchElementException: no such element: Unable to locate element: {"method":"xpath","selector":"//a[text()='OrangeHRM, Inc']"}
  (Session info: chrome=135.0.7049.85)
For documentation on this error, please visit: https://www.selenium.dev/documentation/webdriver/troubleshooting/errors#no-such-element-exception
Build info: version: '4.30.0', revision: '509c7f1'
System info: os.name: 'Windows 11', os.arch: 'amd64', os.version: '10.0', java.version: '21.0.6'
Driver info: org.openqa.selenium.chrome.ChromeDriver
Command: [36d752d6931985f9d3b267770a1c6364, findElement {using=xpath, value=//a[text()='OrangeHRM, Inc']}]
Capabilities {acceptInsecureCerts: true, browserName: chrome, browserVersion: 135.0.7049.85, chrome: {chromedriverVersion: 134.0.6998.165 (fd886e2cb29..., userDataDir: C:\Users\JITEND~1.KUM\AppDa...}, fedcm:accounts: true, goog:chromeOptions: {debuggerAddress: localhost:56110}, networkConnectionEnabled: false, pageLoadStrategy: normal, platformName: windows, proxy: Proxy(), se:cdp: ws://localhost:56110/devtoo..., se:cdpVersion: 135.0.7049.85, setWindowRect: true, strictFileInteractability: false, timeouts: {implicit: 0, pageLoad: 300000, script: 30000}, unhandledPromptBehavior: dismiss and notify, webauthn:extension:credBlob: true, webauthn:extension:largeBlob: true, webauthn:extension:minPinLength: true, webauthn:extension:prf: true, webauthn:virtualAuthenticators: true}
Session ID: 36d752d6931985f9d3b267770a1c6364
at org.openqa.selenium.remote.ErrorCodec.decode(ErrorCodec.java:167)
at org.openqa.selenium.remote.codec.w3c.W3CHttpResponseCodec.decode(W3CHttpResponseCodec.java:138)
at org.openqa.selenium.remote.codec.w3c.W3CHttpResponseCodec.decode(W3CHttpResponseCodec.java:50)
at org.openqa.selenium.remote.HttpCommandExecutor.execute(HttpCommandExecutor.java:215)
at org.openqa.selenium.remote.service.DriverCommandExecutor.invokeExecute(DriverCommandExecutor.java:216)
at org.openqa.selenium.remote.service.DriverCommandExecutor.execute(DriverCommandExecutor.java:174)
at org.openqa.selenium.remote.RemoteWebDriver.execute(RemoteWebDriver.java:545)
at org.openqa.selenium.remote.ElementLocation$ElementFinder$2.findElement(ElementLocation.java:165)
at org.openqa.selenium.remote.ElementLocation.findElement(ElementLocation.java:59)
at org.openqa.selenium.remote.RemoteWebDriver.findElement(RemoteWebDriver.java:368)
at org.openqa.selenium.remote.RemoteWebDriver.findElement(RemoteWebDriver.java:362)
at AprilMavenProject.AprilMavenProject.windowhandle.childwindow(windowhandle.java:59)
at java.base/java.util.ArrayList.forEach(ArrayList.java:1596)
... Removed 28 stack frames]]>
    </failure>
  </testcase> <!-- childwindow -->
  <testcase classname="AprilMavenProject.AprilMavenProject.Webtable_static" name="staticwebtable" time="0.225"/>
  <testcase classname="AprilMavenProject.AprilMavenProject.Webtable_static" name="staticWebtable2" time="0.656"/>
  <testcase classname="AprilMavenProject.AprilMavenProject.Webtable_static" name="staticWebtable3" time="60.775"/>
  <testcase classname="AprilMavenProject.AprilMavenProject.Webtable_static" name="staticWebtable4" time="0.167"/>
  <testcase classname="AprilMavenProject.AprilMavenProject.Webtable_static" name="staticWebtable5" time="0.244"/>
  <testcase classname="AprilMavenProject.AprilMavenProject.webtable_dynamic" name="dynamic_Table" time="11.214"/>
  <testcase classname="AprilMavenProject.AprilMavenProject.Mouse_hover" name="rightclick" time="2.122"/>
  <testcase classname="AprilMavenProject.AprilMavenProject.keyboardaction" name="newTabKeyBoardAction" time="4.235"/>
</testsuite> <!-- Test -->
